Release 14.7 - xst P.20131013 (lin64)
Copyright (c) 1995-2013 Xilinx, Inc.  All rights reserved.
--> 
Parameter TMPDIR set to xst/projnav.tmp


Total REAL time to Xst completion: 0.00 secs
Total CPU time to Xst completion: 0.04 secs
 
--> 
Parameter xsthdpdir set to xst


Total REAL time to Xst completion: 0.00 secs
Total CPU time to Xst completion: 0.04 secs
 
--> 
Reading design: router_register.prj

TABLE OF CONTENTS
  1) Synthesis Options Summary
  2) HDL Parsing
  3) HDL Elaboration
  4) HDL Synthesis
       4.1) HDL Synthesis Report
  5) Advanced HDL Synthesis
       5.1) Advanced HDL Synthesis Report
  6) Low Level Synthesis
  7) Partition Report
  8) Design Summary
       8.1) Primitive and Black Box Usage
       8.2) Device utilization summary
       8.3) Partition Resource Summary
       8.4) Timing Report
            8.4.1) Clock Information
            8.4.2) Asynchronous Control Signals Information
            8.4.3) Timing Summary
            8.4.4) Timing Details
            8.4.5) Cross Clock Domains Report


=========================================================================
*                      Synthesis Options Summary                        *
=========================================================================
---- Source Parameters
Input File Name                    : "router_register.prj"
Ignore Synthesis Constraint File   : NO

---- Target Parameters
Output File Name                   : "router_register"
Output Format                      : NGC
Target Device                      : xc6slx4-3-tqg144

---- Source Options
Top Module Name                    : router_register
Automatic FSM Extraction           : YES
FSM Encoding Algorithm             : Auto
Safe Implementation                : No
FSM Style                          : LUT
RAM Extraction                     : Yes
RAM Style                          : Auto
ROM Extraction                     : Yes
Shift Register Extraction          : YES
ROM Style                          : Auto
Resource Sharing                   : YES
Asynchronous To Synchronous        : NO
Shift Register Minimum Size        : 2
Use DSP Block                      : Auto
Automatic Register Balancing       : No

---- Target Options
LUT Combining                      : Auto
Reduce Control Sets                : Auto
Add IO Buffers                     : YES
Global Maximum Fanout              : 100000
Add Generic Clock Buffer(BUFG)     : 16
Register Duplication               : YES
Optimize Instantiated Primitives   : NO
Use Clock Enable                   : Auto
Use Synchronous Set                : Auto
Use Synchronous Reset              : Auto
Pack IO Registers into IOBs        : Auto
Equivalent register Removal        : YES

---- General Options
Optimization Goal                  : Speed
Optimization Effort                : 1
Power Reduction                    : NO
Keep Hierarchy                     : No
Netlist Hierarchy                  : As_Optimized
RTL Output                         : Yes
Global Optimization                : AllClockNets
Read Cores                         : YES
Write Timing Constraints           : NO
Cross Clock Analysis               : NO
Hierarchy Separator                : /
Bus Delimiter                      : <>
Case Specifier                     : Maintain
Slice Utilization Ratio            : 100
BRAM Utilization Ratio             : 100
DSP48 Utilization Ratio            : 100
Auto BRAM Packing                  : NO
Slice Utilization Ratio Delta      : 5

=========================================================================


=========================================================================
*                          HDL Parsing                                  *
=========================================================================
Analyzing Verilog file "/home/chacha/Router1x3/Register/router_register_code/router_register.v" into library work
Parsing module <router_register>.

=========================================================================
*                            HDL Elaboration                            *
=========================================================================

Elaborating module <router_register>.

=========================================================================
*                           HDL Synthesis                               *
=========================================================================

Synthesizing Unit <router_register>.
    Related source file is "/home/chacha/Router1x3/Register/router_register_code/router_register.v".
    Found 1-bit register for signal <err>.
    Found 1-bit register for signal <parity_done>.
    Found 1-bit register for signal <low_pkt_valid>.
    Found 8-bit register for signal <fifo_full_state>.
    Found 8-bit register for signal <header_byte>.
    Found 8-bit register for signal <internal_parity>.
    Found 8-bit register for signal <pkt_parity>.
    Found 8-bit register for signal <data_out>.
    Found 8-bit comparator not equal for signal <n0005> created at line 77
    Summary:
	inferred  43 D-type flip-flop(s).
	inferred   1 Comparator(s).
	inferred   4 Multiplexer(s).
Unit <router_register> synthesized.

=========================================================================
HDL Synthesis Report

Macro Statistics
# Registers                                            : 8
 1-bit register                                        : 3
 8-bit register                                        : 5
# Comparators                                          : 1
 8-bit comparator not equal                            : 1
# Multiplexers                                         : 4
 8-bit 2-to-1 multiplexer                              : 4
# Xors                                                 : 1
 8-bit xor2                                            : 1

=========================================================================

=========================================================================
*                       Advanced HDL Synthesis                          *
=========================================================================


=========================================================================
Advanced HDL Synthesis Report

Macro Statistics
# Registers                                            : 43
 Flip-Flops                                            : 43
# Comparators                                          : 1
 8-bit comparator not equal                            : 1
# Multiplexers                                         : 18
 1-bit 2-to-1 multiplexer                              : 16
 8-bit 2-to-1 multiplexer                              : 2
# Xors                                                 : 1
 8-bit xor2                                            : 1

=========================================================================

=========================================================================
*                         Low Level Synthesis                           *
=========================================================================

Optimizing unit <router_register> ...

Mapping all equations...
Building and optimizing final netlist ...
Found area constraint ratio of 100 (+ 5) on block router_register, actual ratio is 2.

Final Macro Processing ...

=========================================================================
Final Register Report

Macro Statistics
# Registers                                            : 43
 Flip-Flops                                            : 43

=========================================================================

=========================================================================
*                           Partition Report                            *
=========================================================================

Partition Implementation Status
-------------------------------

  No Partitions were found in this design.

-------------------------------

=========================================================================
*                            Design Summary                             *
=========================================================================

Top Level Output File Name         : router_register.ngc

Primitive and Black Box Usage:
------------------------------
# BELS                             : 39
#      INV                         : 1
#      LUT2                        : 2
#      LUT3                        : 3
#      LUT4                        : 3
#      LUT5                        : 10
#      LUT6                        : 19
#      MUXF7                       : 1
# FlipFlops/Latches                : 43
#      FD                          : 2
#      FDR                         : 1
#      FDRE                        : 40
# Clock Buffers                    : 1
#      BUFGP                       : 1
# IO Buffers                       : 28
#      IBUF                        : 17
#      OBUF                        : 11

Device utilization summary:
---------------------------

Selected Device : 6slx4tqg144-3 


Slice Logic Utilization: 
 Number of Slice Registers:              43  out of   4800     0%  
 Number of Slice LUTs:                   38  out of   2400     1%  
    Number used as Logic:                38  out of   2400     1%  

Slice Logic Distribution: 
 Number of LUT Flip Flop pairs used:     56
   Number with an unused Flip Flop:      13  out of     56    23%  
   Number with an unused LUT:            18  out of     56    32%  
   Number of fully used LUT-FF pairs:    25  out of     56    44%  
   Number of unique control sets:         7

IO Utilization: 
 Number of IOs:                          29
 Number of bonded IOBs:                  29  out of    102    28%  

Specific Feature Utilization:
 Number of BUFG/BUFGCTRLs:                1  out of     16     6%  

---------------------------
Partition Resource Summary:
---------------------------

  No Partitions were found in this design.

---------------------------


=========================================================================
Timing Report

NOTE: THESE TIMING NUMBERS ARE ONLY A SYNTHESIS ESTIMATE.
      FOR ACCURATE TIMING INFORMATION PLEASE REFER TO THE TRACE REPORT
      GENERATED AFTER PLACE-and-ROUTE.

Clock Information:
------------------
-----------------------------------+------------------------+-------+
Clock Signal                       | Clock buffer(FF name)  | Load  |
-----------------------------------+------------------------+-------+
clock                              | BUFGP                  | 43    |
-----------------------------------+------------------------+-------+

Asynchronous Control Signals Information:
----------------------------------------
No asynchronous control signals found in this design

Timing Summary:
---------------
Speed Grade: -3

   Minimum period: 3.419ns (Maximum Frequency: 292.487MHz)
   Minimum input arrival time before clock: 4.827ns
   Maximum output required time after clock: 3.732ns
   Maximum combinational path delay: No path found

Timing Details:
---------------
All values displayed in nanoseconds (ns)

=========================================================================
Timing constraint: Default period analysis for Clock 'clock'
  Clock period: 3.419ns (frequency: 292.487MHz)
  Total number of paths / destination ports: 84 / 35
-------------------------------------------------------------------------
Delay:               3.419ns (Levels of Logic = 3)
  Source:            internal_parity_6 (FF)
  Destination:       err (FF)
  Source Clock:      clock rising
  Destination Clock: clock rising

  Data Path: internal_parity_6 to err
                                Gate     Net
    Cell:in->out      fanout   Delay   Delay  Logical Name (Net Name)
    ----------------------------------------  ------------
     FDRE:C->Q             3   0.447   0.995  internal_parity_6 (internal_parity_6)
     LUT6:I1->O            1   0.203   0.684  parity_done_pkt_parity[7]_AND_2_o5 (parity_done_pkt_parity[7]_AND_2_o5)
     LUT4:I2->O            1   0.203   0.580  err_glue_set_SW0 (N6)
     LUT6:I5->O            1   0.205   0.000  err_glue_set (err_glue_set)
     FDR:D                     0.102          err
    ----------------------------------------
    Total                      3.419ns (1.160ns logic, 2.259ns route)
                                       (33.9% logic, 66.1% route)

=========================================================================
Timing constraint: Default OFFSET IN BEFORE for Clock 'clock'
  Total number of paths / destination ports: 460 / 123
-------------------------------------------------------------------------
Offset:              4.827ns (Levels of Logic = 3)
  Source:            ld_state (PAD)
  Destination:       pkt_parity_0 (FF)
  Destination Clock: clock rising

  Data Path: ld_state to pkt_parity_0
                                Gate     Net
    Cell:in->out      fanout   Delay   Delay  Logical Name (Net Name)
    ----------------------------------------  ------------
     IBUF:I->O            17   1.222   1.132  ld_state_IBUF (ld_state_IBUF)
     LUT3:I1->O            1   0.203   0.944  ld_state_laf_state_OR_12_o1_SW0 (N2)
     LUT6:I0->O            8   0.203   0.802  ld_state_laf_state_OR_12_o1 (ld_state_laf_state_OR_12_o1)
     FDRE:CE                   0.322          pkt_parity_0
    ----------------------------------------
    Total                      4.827ns (1.950ns logic, 2.877ns route)
                                       (40.4% logic, 59.6% route)

=========================================================================
Timing constraint: Default OFFSET OUT AFTER for Clock 'clock'
  Total number of paths / destination ports: 11 / 11
-------------------------------------------------------------------------
Offset:              3.732ns (Levels of Logic = 1)
  Source:            parity_done (FF)
  Destination:       parity_done (PAD)
  Source Clock:      clock rising

  Data Path: parity_done to parity_done
                                Gate     Net
    Cell:in->out      fanout   Delay   Delay  Logical Name (Net Name)
    ----------------------------------------  ------------
     FD:C->Q               5   0.447   0.714  parity_done (parity_done_OBUF)
     OBUF:I->O                 2.571          parity_done_OBUF (parity_done)
    ----------------------------------------
    Total                      3.732ns (3.018ns logic, 0.714ns route)
                                       (80.9% logic, 19.1% route)

=========================================================================

Cross Clock Domains Report:
--------------------------

Clock to Setup on destination clock clock
---------------+---------+---------+---------+---------+
               | Src:Rise| Src:Fall| Src:Rise| Src:Fall|
Source Clock   |Dest:Rise|Dest:Rise|Dest:Fall|Dest:Fall|
---------------+---------+---------+---------+---------+
clock          |    3.419|         |         |         |
---------------+---------+---------+---------+---------+

=========================================================================


Total REAL time to Xst completion: 5.00 secs
Total CPU time to Xst completion: 3.19 secs
 
--> 


Total memory usage is 375856 kilobytes

Number of errors   :    0 (   0 filtered)
Number of warnings :    0 (   0 filtered)
Number of infos    :    0 (   0 filtered)

