Command line:
   router_fifo_tb_isim_beh.exe
     -simmode  gui
     -simrunnum  0
     -socket  45153

Sat Mar 22 12:22:27 2025


 Elaboration Time: 0.01 sec

 Current Memory Usage: 184.238 Meg

 Total Signals          : 25
 Total Nets             : 37
 Total Signal Drivers   : 15
 Total Blocks           : 8
 Total Primitive Blocks : 7
 Total Processes        : 23
 Total Traceable Variables  : 41
 Total Scalar Nets and Variables : 493
Total Line Count : 118

 Total Simulation Time: 0.02 sec

 Current Memory Usage: 259.74 Meg

Sat Mar 22 12:26:31 2025

